<?xml version="1.0" encoding="UTF-8"?>
<testng-results ignored="0" total="1" passed="1" failed="0" skipped="0">
  <reporter-output>
  </reporter-output>
  <suite started-at="2022-09-13T23:30:49 IST" name="Default suite" finished-at="2022-09-13T23:30:49 IST" duration-ms="60">
    <groups>
    </groups>
    <test started-at="2022-09-13T23:30:49 IST" name="Default test" finished-at="2022-09-13T23:30:49 IST" duration-ms="60">
      <class name="TestPack.TestNg">
        <test-method is-config="true" signature="beforeClass()[pri:0, instance:TestPack.TestNg@21e360a]" started-at="2022-09-13T23:30:49 IST" name="beforeClass" finished-at="2022-09-13T23:30:49 IST" duration-ms="7" status="PASS">
          <reporter-output>
          </reporter-output>
        </test-method> <!-- beforeClass -->
        <test-method is-config="true" signature="beforeNethod()[pri:0, instance:TestPack.TestNg@21e360a]" started-at="2022-09-13T23:30:49 IST" name="beforeNethod" finished-at="2022-09-13T23:30:49 IST" duration-ms="0" status="PASS">
          <reporter-output>
          </reporter-output>
        </test-method> <!-- beforeNethod -->
        <test-method signature="test123()[pri:0, instance:TestPack.TestNg@21e360a]" started-at="2022-09-13T23:30:49 IST" name="test123" finished-at="2022-09-13T23:30:49 IST" duration-ms="9" status="PASS">
          <reporter-output>
          </reporter-output>
        </test-method> <!-- test123 -->
      </class> <!-- TestPack.TestNg -->
    </test> <!-- Default test -->
  </suite> <!-- Default suite -->
</testng-results>
